<?xml version="1.0" encoding="UTF-8"?>
<!-- Generated by org.testng.reporters.JUnitReportReporter -->
<testsuite hostname="PURNA02-W7" name="functional.VerifyExistingVeterinariansTest" tests="1" failures="0" timestamp="4 Nov 2018 19:39:36 GMT" time="0.486" errors="0">
  <testcase name="verifyExistingVeterinarians" time="0.486" classname="functional.VerifyExistingVeterinariansTest"/>
</testsuite> <!-- functional.VerifyExistingVeterinariansTest -->
