<?xml version="1.0" encoding="UTF-8"?>
<!-- Generated by org.testng.reporters.JUnitReportReporter -->
<testsuite hostname="PURNA02-W7" name="functional.VerifyHomeImageTest" tests="1" failures="0" timestamp="4 Nov 2018 19:39:36 GMT" time="0.069" errors="0">
  <testcase name="CheckImage" time="0.069" classname="functional.VerifyHomeImageTest"/>
</testsuite> <!-- functional.VerifyHomeImageTest -->
