<?xml version="1.0" encoding="UTF-8"?>
<!-- Generated by org.testng.reporters.JUnitReportReporter -->
<testsuite hostname="PURNA02-W7" name="functional.VerifyExistingOwnersTest" tests="1" failures="0" timestamp="4 Nov 2018 19:39:36 GMT" time="1.489" errors="0">
  <testcase name="verifyAddNewOwnerTab" time="1.489" classname="functional.VerifyExistingOwnersTest"/>
</testsuite> <!-- functional.VerifyExistingOwnersTest -->
